This is pdfTeX, Version 3.141592653-2.6-1.40.24 (TeX Live 2022/Debian) (preloaded format=pdflatex 2024.1.10)  12 JAN 2024 15:44
entering extended mode
 restricted \write18 enabled.
 %&-line parsing enabled.
**desc_NRW80.tex
(./desc_NRW80.tex
LaTeX2e <2022-11-01> patch level 1
L3 programming layer <2023-01-16> (/usr/share/texlive/texmf-dist/tex/latex/apa6
/apa6.cls
Document Class: apa6 2020/01/13 v2.34 APA formatting (6th edition)
(/usr/share/texlive/texmf-dist/tex/latex/base/article.cls
Document Class: article 2022/07/02 v1.4n Standard LaTeX document class
(/usr/share/texlive/texmf-dist/tex/latex/base/size11.clo
File: size11.clo 2022/07/02 v1.4n Standard LaTeX file (size option)
)
\c@part=\count185
\c@section=\count186
\c@subsection=\count187
\c@subsubsection=\count188
\c@paragraph=\count189
\c@subparagraph=\count190
\c@figure=\count191
\c@table=\count192
\abovecaptionskip=\skip48
\belowcaptionskip=\skip49
\bibindent=\dimen140
) (/usr/share/texlive/texmf-dist/tex/latex/etoolbox/etoolbox.sty
Package: etoolbox 2020/10/05 v2.5k e-TeX tools for LaTeX (JAW)
\etb@tempcnta=\count193
)
Class apa6 Info: No bibliography package was specified; defaulting to (but not 
loading) Biblatex on input line 213.
(/usr/share/texmf/tex/latex/lm/lmodern.sty
Package: lmodern 2015/05/01 v1.6.1 Latin Modern Fonts
LaTeX Font Info:    Overwriting symbol font `operators' in version `normal'
(Font)                  OT1/cmr/m/n --> OT1/lmr/m/n on input line 22.
LaTeX Font Info:    Overwriting symbol font `letters' in version `normal'
(Font)                  OML/cmm/m/it --> OML/lmm/m/it on input line 23.
LaTeX Font Info:    Overwriting symbol font `symbols' in version `normal'
(Font)                  OMS/cmsy/m/n --> OMS/lmsy/m/n on input line 24.
LaTeX Font Info:    Overwriting symbol font `largesymbols' in version `normal'
(Font)                  OMX/cmex/m/n --> OMX/lmex/m/n on input line 25.
LaTeX Font Info:    Overwriting symbol font `operators' in version `bold'
(Font)                  OT1/cmr/bx/n --> OT1/lmr/bx/n on input line 26.
LaTeX Font Info:    Overwriting symbol font `letters' in version `bold'
(Font)                  OML/cmm/b/it --> OML/lmm/b/it on input line 27.
LaTeX Font Info:    Overwriting symbol font `symbols' in version `bold'
(Font)                  OMS/cmsy/b/n --> OMS/lmsy/b/n on input line 28.
LaTeX Font Info:    Overwriting symbol font `largesymbols' in version `bold'
(Font)                  OMX/cmex/m/n --> OMX/lmex/m/n on input line 29.
LaTeX Font Info:    Overwriting math alphabet `\mathbf' in version `normal'
(Font)                  OT1/cmr/bx/n --> OT1/lmr/bx/n on input line 31.
LaTeX Font Info:    Overwriting math alphabet `\mathsf' in version `normal'
(Font)                  OT1/cmss/m/n --> OT1/lmss/m/n on input line 32.
LaTeX Font Info:    Overwriting math alphabet `\mathit' in version `normal'
(Font)                  OT1/cmr/m/it --> OT1/lmr/m/it on input line 33.
LaTeX Font Info:    Overwriting math alphabet `\mathtt' in version `normal'
(Font)                  OT1/cmtt/m/n --> OT1/lmtt/m/n on input line 34.
LaTeX Font Info:    Overwriting math alphabet `\mathbf' in version `bold'
(Font)                  OT1/cmr/bx/n --> OT1/lmr/bx/n on input line 35.
LaTeX Font Info:    Overwriting math alphabet `\mathsf' in version `bold'
(Font)                  OT1/cmss/bx/n --> OT1/lmss/bx/n on input line 36.
LaTeX Font Info:    Overwriting math alphabet `\mathit' in version `bold'
(Font)                  OT1/cmr/bx/it --> OT1/lmr/bx/it on input line 37.
LaTeX Font Info:    Overwriting math alphabet `\mathtt' in version `bold'
(Font)                  OT1/cmtt/m/n --> OT1/lmtt/m/n on input line 38.
) (/usr/share/texlive/texmf-dist/tex/latex/base/fontenc.sty
Package: fontenc 2021/04/29 v2.0v Standard LaTeX package
LaTeX Font Info:    Trying to load font information for T1+lmr on input line 11
2.
(/usr/share/texmf/tex/latex/lm/t1lmr.fd
File: t1lmr.fd 2015/05/01 v1.6.1 Font defs for Latin Modern
)) (/usr/share/texlive/texmf-dist/tex/latex/geometry/geometry.sty
Package: geometry 2020/01/02 v5.9 Page Geometry
(/usr/share/texlive/texmf-dist/tex/latex/graphics/keyval.sty
Package: keyval 2022/05/29 v1.15 key=value parser (DPC)
\KV@toks@=\toks16
) (/usr/share/texlive/texmf-dist/tex/generic/iftex/ifvtex.sty
Package: ifvtex 2019/10/25 v1.7 ifvtex legacy package. Use iftex instead.
(/usr/share/texlive/texmf-dist/tex/generic/iftex/iftex.sty
Package: iftex 2022/02/03 v1.0f TeX engine tests
))
\Gm@cnth=\count194
\Gm@cntv=\count195
\c@Gm@tempcnt=\count196
\Gm@bindingoffset=\dimen141
\Gm@wd@mp=\dimen142
\Gm@odd@mp=\dimen143
\Gm@even@mp=\dimen144
\Gm@layoutwidth=\dimen145
\Gm@layoutheight=\dimen146
\Gm@layouthoffset=\dimen147
\Gm@layoutvoffset=\dimen148
\Gm@dimlist=\toks17
) (/usr/share/texlive/texmf-dist/tex/latex/graphics/graphicx.sty
Package: graphicx 2021/09/16 v1.2d Enhanced LaTeX Graphics (DPC,SPQR)
(/usr/share/texlive/texmf-dist/tex/latex/graphics/graphics.sty
Package: graphics 2022/03/10 v1.4e Standard LaTeX Graphics (DPC,SPQR)
(/usr/share/texlive/texmf-dist/tex/latex/graphics/trig.sty
Package: trig 2021/08/11 v1.11 sin cos tan (DPC)
) (/usr/share/texlive/texmf-dist/tex/latex/graphics-cfg/graphics.cfg
File: graphics.cfg 2016/06/04 v1.11 sample graphics configuration
)
Package graphics Info: Driver file: pdftex.def on input line 107.
(/usr/share/texlive/texmf-dist/tex/latex/graphics-def/pdftex.def
File: pdftex.def 2022/09/22 v1.2b Graphics/color driver for pdftex
))
\Gin@req@height=\dimen149
\Gin@req@width=\dimen150
) (/usr/share/texlive/texmf-dist/tex/latex/booktabs/booktabs.sty
Package: booktabs 2020/01/12 v1.61803398 Publication quality tables
\heavyrulewidth=\dimen151
\lightrulewidth=\dimen152
\cmidrulewidth=\dimen153
\belowrulesep=\dimen154
\belowbottomsep=\dimen155
\aboverulesep=\dimen156
\abovetopsep=\dimen157
\cmidrulesep=\dimen158
\cmidrulekern=\dimen159
\defaultaddspace=\dimen160
\@cmidla=\count197
\@cmidlb=\count198
\@aboverulesep=\dimen161
\@belowrulesep=\dimen162
\@thisruleclass=\count199
\@lastruleclass=\count266
\@thisrulewidth=\dimen163
) (/usr/share/texlive/texmf-dist/tex/latex/threeparttable/threeparttable.sty
Package: threeparttable 2003/06/13  v 3.0
\@tempboxb=\box51
)
\b@level@one@skip=\skip50
\e@level@one@skip=\skip51
\b@level@two@skip=\skip52
\e@level@two@skip=\skip53
\b@level@three@skip=\skip54
\e@level@three@skip=\skip55
\b@level@four@skip=\skip56
\e@level@four@skip=\skip57
\b@level@five@skip=\skip58
\e@level@five@skip=\skip59
(/usr/share/texlive/texmf-dist/tex/latex/caption/caption.sty
Package: caption 2022/03/01 v3.6b Customizing captions (AR)
(/usr/share/texlive/texmf-dist/tex/latex/caption/caption3.sty
Package: caption3 2022/03/17 v2.3b caption3 kernel (AR)
\caption@tempdima=\dimen164
\captionmargin=\dimen165
\caption@leftmargin=\dimen166
\caption@rightmargin=\dimen167
\caption@width=\dimen168
\caption@indent=\dimen169
\caption@parindent=\dimen170
\caption@hangindent=\dimen171
Package caption Info: Standard document class detected.
)
\c@caption@flags=\count267
\c@continuedfloat=\count268
Package caption Info: threeparttable package is loaded.
)
\c@APAenum=\count269
\@text@par@indent=\skip60
\gr@box=\box52
\gr@boxwidth=\skip61
\gr@boxheight=\skip62
(/usr/share/texlive/texmf-dist/tex/latex/tools/bm.sty
Package: bm 2022/01/05 v1.2f Bold Symbol Support (DPC/FMi)
\symboldoperators=\mathgroup4
\symboldletters=\mathgroup5
\symboldsymbols=\mathgroup6
Package bm Info: No bold for \OMX/lmex/m/n, using \pmb.
LaTeX Font Info:    Redeclaring math alphabet \mathbf on input line 149.
)
\c@appendix=\count270
(/usr/share/texlive/texmf-dist/tex/latex/fancyhdr/fancyhdr.sty
Package: fancyhdr 2022/11/09 v4.1 Extensive control of page headers and footers

\f@nch@headwidth=\skip63
\f@nch@O@elh=\skip64
\f@nch@O@erh=\skip65
\f@nch@O@olh=\skip66
\f@nch@O@orh=\skip67
\f@nch@O@elf=\skip68
\f@nch@O@erf=\skip69
\f@nch@O@olf=\skip70
\f@nch@O@orf=\skip71
)) (/usr/share/texlive/texmf-dist/tex/latex/amsmath/amsmath.sty
Package: amsmath 2022/04/08 v2.17n AMS math features
\@mathmargin=\skip72
For additional information on amsmath, use the `?' option.
(/usr/share/texlive/texmf-dist/tex/latex/amsmath/amstext.sty
Package: amstext 2021/08/26 v2.01 AMS text
(/usr/share/texlive/texmf-dist/tex/latex/amsmath/amsgen.sty
File: amsgen.sty 1999/11/30 v2.0 generic functions
\@emptytoks=\toks18
\ex@=\dimen172
)) (/usr/share/texlive/texmf-dist/tex/latex/amsmath/amsbsy.sty
Package: amsbsy 1999/11/29 v1.2d Bold Symbols
LaTeX Info: Redefining \boldsymbol on input line 28.
\pmbraise@=\dimen173
) (/usr/share/texlive/texmf-dist/tex/latex/amsmath/amsopn.sty
Package: amsopn 2022/04/08 v2.04 operator names
)
\inf@bad=\count271
LaTeX Info: Redefining \frac on input line 234.
\uproot@=\count272
\leftroot@=\count273
LaTeX Info: Redefining \overline on input line 399.
LaTeX Info: Redefining \colon on input line 410.
\classnum@=\count274
\DOTSCASE@=\count275
LaTeX Info: Redefining \ldots on input line 496.
LaTeX Info: Redefining \dots on input line 499.
LaTeX Info: Redefining \cdots on input line 620.
\Mathstrutbox@=\box53
\strutbox@=\box54
LaTeX Info: Redefining \big on input line 722.
LaTeX Info: Redefining \Big on input line 723.
LaTeX Info: Redefining \bigg on input line 724.
LaTeX Info: Redefining \Bigg on input line 725.
\big@size=\dimen174
LaTeX Font Info:    Redeclaring font encoding OML on input line 743.
LaTeX Font Info:    Redeclaring font encoding OMS on input line 744.
\macc@depth=\count276
LaTeX Info: Redefining \bmod on input line 905.
LaTeX Info: Redefining \pmod on input line 910.
LaTeX Info: Redefining \smash on input line 940.
LaTeX Info: Redefining \relbar on input line 970.
LaTeX Info: Redefining \Relbar on input line 971.
\c@MaxMatrixCols=\count277
\dotsspace@=\muskip16
\c@parentequation=\count278
\dspbrk@lvl=\count279
\tag@help=\toks19
\row@=\count280
\column@=\count281
\maxfields@=\count282
\andhelp@=\toks20
\eqnshift@=\dimen175
\alignsep@=\dimen176
\tagshift@=\dimen177
\tagwidth@=\dimen178
\totwidth@=\dimen179
\lineht@=\dimen180
\@envbody=\toks21
\multlinegap=\skip73
\multlinetaggap=\skip74
\mathdisplay@stack=\toks22
LaTeX Info: Redefining \[ on input line 2953.
LaTeX Info: Redefining \] on input line 2954.
) (/usr/share/texlive/texmf-dist/tex/latex/amsfonts/amssymb.sty
Package: amssymb 2013/01/14 v3.01 AMS font symbols
(/usr/share/texlive/texmf-dist/tex/latex/amsfonts/amsfonts.sty
Package: amsfonts 2013/01/14 v3.01 Basic AMSFonts support
\symAMSa=\mathgroup7
\symAMSb=\mathgroup8
LaTeX Font Info:    Redeclaring math symbol \hbar on input line 98.
LaTeX Font Info:    Overwriting math alphabet `\mathfrak' in version `bold'
(Font)                  U/euf/m/n --> U/euf/b/n on input line 106.
)) (/usr/share/texlive/texmf-dist/tex/latex/base/fontenc.sty
Package: fontenc 2021/04/29 v2.0v Standard LaTeX package
) (/usr/share/texlive/texmf-dist/tex/latex/base/inputenc.sty
Package: inputenc 2021/02/14 v1.3d Input encoding file
\inpenc@prehook=\toks23
\inpenc@posthook=\toks24
) (/usr/share/texlive/texmf-dist/tex/latex/base/textcomp.sty
Package: textcomp 2020/02/02 v2.0n Standard LaTeX package
) (/usr/share/texlive/texmf-dist/tex/latex/upquote/upquote.sty
Package: upquote 2012/04/19 v1.3 upright-quote and grave-accent glyphs in verba
tim
) (/usr/share/texlive/texmf-dist/tex/latex/microtype/microtype.sty
Package: microtype 2022/06/23 v3.0f Micro-typographical refinements (RS)
\MT@toks=\toks25
\MT@tempbox=\box55
\MT@count=\count283
LaTeX Info: Redefining \noprotrusionifhmode on input line 1045.
LaTeX Info: Redefining \leftprotrusion on input line 1046.
LaTeX Info: Redefining \rightprotrusion on input line 1056.
LaTeX Info: Redefining \textls on input line 1234.
\MT@outer@kern=\dimen181
LaTeX Info: Redefining \textmicrotypecontext on input line 1858.
\MT@listname@count=\count284
(/usr/share/texlive/texmf-dist/tex/latex/microtype/microtype-pdftex.def
File: microtype-pdftex.def 2022/06/23 v3.0f Definitions specific to pdftex (RS)

LaTeX Info: Redefining \lsstyle on input line 900.
LaTeX Info: Redefining \lslig on input line 900.
\MT@outer@space=\skip75
)
Package microtype Info: Loading configuration file microtype.cfg.
(/usr/share/texlive/texmf-dist/tex/latex/microtype/microtype.cfg
File: microtype.cfg 2022/06/23 v3.0f microtype main configuration file (RS)
)) (/usr/share/texlive/texmf-dist/tex/latex/parskip/parskip.sty
Package: parskip 2021-03-14 v2.0h non-zero parskip adjustments
(/usr/share/texlive/texmf-dist/tex/latex/kvoptions/kvoptions.sty
Package: kvoptions 2022-06-15 v3.15 Key value format for package options (HO)
(/usr/share/texlive/texmf-dist/tex/generic/ltxcmds/ltxcmds.sty
Package: ltxcmds 2020-05-10 v1.25 LaTeX kernel commands for general use (HO)
) (/usr/share/texlive/texmf-dist/tex/latex/kvsetkeys/kvsetkeys.sty
Package: kvsetkeys 2022-10-05 v1.19 Key value parser (HO)
))) (/usr/share/texlive/texmf-dist/tex/latex/xcolor/xcolor.sty
Package: xcolor 2022/06/12 v2.14 LaTeX color extensions (UK)
(/usr/share/texlive/texmf-dist/tex/latex/graphics-cfg/color.cfg
File: color.cfg 2016/01/02 v1.6 sample color configuration
)
Package xcolor Info: Driver file: pdftex.def on input line 227.
(/usr/share/texlive/texmf-dist/tex/latex/graphics/mathcolor.ltx)
Package xcolor Info: Model `cmy' substituted by `cmy0' on input line 1353.
Package xcolor Info: Model `hsb' substituted by `rgb' on input line 1357.
Package xcolor Info: Model `RGB' extended on input line 1369.
Package xcolor Info: Model `HTML' substituted by `rgb' on input line 1371.
Package xcolor Info: Model `Hsb' substituted by `hsb' on input line 1372.
Package xcolor Info: Model `tHsb' substituted by `hsb' on input line 1373.
Package xcolor Info: Model `HSB' substituted by `hsb' on input line 1374.
Package xcolor Info: Model `Gray' substituted by `gray' on input line 1375.
Package xcolor Info: Model `wave' substituted by `hsb' on input line 1376.
) (/usr/share/texlive/texmf-dist/tex/latex/fancyvrb/fancyvrb.sty
Package: fancyvrb 2023/01/19 4.5a verbatim text (tvz,hv)
\FV@CodeLineNo=\count285
\FV@InFile=\read2
\FV@TabBox=\box56
\c@FancyVerbLine=\count286
\FV@StepNumber=\count287
\FV@OutFile=\write3
) (/usr/share/texlive/texmf-dist/tex/latex/framed/framed.sty
Package: framed 2011/10/22 v 0.96: framed or shaded text with page breaks
\OuterFrameSep=\skip76
\fb@frw=\dimen182
\fb@frh=\dimen183
\FrameRule=\dimen184
\FrameSep=\dimen185
)
\cslhangindent=\skip77
\csllabelwidth=\skip78
\cslentryspacingunit=\skip79
(/usr/share/texlive/texmf-dist/tex/latex/tools/calc.sty
Package: calc 2017/05/25 v4.3 Infix arithmetic (KKT,FJ)
\calc@Acount=\count288
\calc@Bcount=\count289
\calc@Adimen=\dimen186
\calc@Bdimen=\dimen187
\calc@Askip=\skip80
\calc@Bskip=\skip81
LaTeX Info: Redefining \setlength on input line 80.
LaTeX Info: Redefining \addtolength on input line 81.
\calc@Ccount=\count290
\calc@Cskip=\skip82
) (/usr/share/texlive/texmf-dist/tex/generic/babel/babel.sty
Package: babel 2022/12/26 3.84 The Babel package
\babel@savecnt=\count291
\U@D=\dimen188
\l@unhyphenated=\language87
(/usr/share/texlive/texmf-dist/tex/generic/babel/txtbabel.def)
\bbl@readstream=\read3
\bbl@dirlevel=\count292
Package babel Info: You haven't specified a language as a class or package
(babel)             option. I'll load 'nil'. Reported on input line 4406.
(/usr/share/texlive/texmf-dist/tex/generic/babel/nil.ldf
Language: nil 2022/12/26 3.84 Nil language
\l@nil=\language88
))
\everypar=\toks26
(/usr/share/texlive/texmf-dist/tex/generic/babel/locale/en/babel-english.tex)
Package babel Info: Importing data for english
(babel)             from babel-en.ini. Reported on input line 133.
Package babel Info: Hyphen rules for 'english' set to \l@english
(babel)             (\language0). Reported on input line 133.
(/usr/share/texlive/texmf-dist/tex/latex/was/upgreek.sty
Package: upgreek 2003/02/12 v2.0 (WaS)
Package upgreek Info: Using Euler Roman for upright Greek on input line 31.
\symugrf@m=\mathgroup9
LaTeX Font Info:    Overwriting symbol font `ugrf@m' in version `bold'
(Font)                  U/eur/m/n --> U/eur/b/n on input line 38.
) (/usr/share/texlive/texmf-dist/tex/latex/tools/longtable.sty
Package: longtable 2021-09-01 v4.17 Multi-page Table package (DPC)
\LTleft=\skip83
\LTright=\skip84
\LTpre=\skip85
\LTpost=\skip86
\LTchunksize=\count293
\LTcapwidth=\dimen189
\LT@head=\box57
\LT@firsthead=\box58
\LT@foot=\box59
\LT@lastfoot=\box60
\LT@gbox=\box61
\LT@cols=\count294
\LT@rows=\count295
\c@LT@tables=\count296
\c@LT@chunks=\count297
\LT@p@ftn=\toks27
) (/usr/share/texlive/texmf-dist/tex/latex/graphics/lscape.sty
Package: lscape 2020/05/28 v3.02 Landscape Pages (DPC)
) (/usr/share/texlive/texmf-dist/tex/latex/multirow/multirow.sty
Package: multirow 2021/03/15 v2.8 Span multiple rows of a table
\multirow@colwidth=\skip87
\multirow@cntb=\count298
\multirow@dima=\skip88
\bigstrutjot=\dimen190
) (/usr/share/texlive/texmf-dist/tex/latex/tools/tabularx.sty
Package: tabularx 2020/01/15 v2.11c `tabularx' package (DPC)
(/usr/share/texlive/texmf-dist/tex/latex/tools/array.sty
Package: array 2022/09/04 v2.5g Tabular extension package (FMi)
\col@sep=\dimen191
\ar@mcellbox=\box62
\extrarowheight=\dimen192
\NC@list=\toks28
\extratabsurround=\skip89
\backup@length=\skip90
\ar@cellbox=\box63
)
\TX@col@width=\dimen193
\TX@old@table=\dimen194
\TX@old@col=\dimen195
\TX@target=\dimen196
\TX@delta=\dimen197
\TX@cols=\count299
\TX@ftn=\toks29
) (/usr/share/texlive/texmf-dist/tex/latex/threeparttablex/threeparttablex.sty
Package: threeparttablex 2013/07/23 v0.3 by daleif
(/usr/share/texlive/texmf-dist/tex/latex/environ/environ.sty
Package: environ 2014/05/04 v0.3 A new way to define environments
(/usr/share/texlive/texmf-dist/tex/latex/trimspaces/trimspaces.sty
Package: trimspaces 2009/09/17 v1.1 Trim spaces around a token list
))
\TPTL@width=\skip91
)
\longtablewidth=\skip92
Failed to patch abstract.
Failed to patch title.
(/usr/share/texlive/texmf-dist/tex/latex/xpatch/xpatch.sty (/usr/share/texlive/
texmf-dist/tex/latex/l3kernel/expl3.sty
Package: expl3 2023-01-16 L3 programming layer (loader) 
(/usr/share/texlive/texmf-dist/tex/latex/l3backend/l3backend-pdftex.def
File: l3backend-pdftex.def 2023-01-16 L3 backend support: PDF output (pdfTeX)
\l__color_backend_stack_int=\count300
\l__pdf_internal_box=\box64
))
Package: xpatch 2020/03/25 v0.3a Extending etoolbox patching commands
(/usr/share/texlive/texmf-dist/tex/latex/l3packages/xparse/xparse.sty
Package: xparse 2023-01-16 L3 Experimental document command parser
)) (/usr/share/texlive/texmf-dist/tex/latex/csquotes/csquotes.sty
Package: csquotes 2022-09-14 v5.2n context-sensitive quotations (JAW)
\csq@reset=\count301
\csq@gtype=\count302
\csq@glevel=\count303
\csq@qlevel=\count304
\csq@maxlvl=\count305
\csq@tshold=\count306
\csq@ltx@everypar=\toks30
(/usr/share/texlive/texmf-dist/tex/latex/csquotes/csquotes.def
File: csquotes.def 2022-09-14 v5.2n csquotes generic definitions (JAW)
)
Package csquotes Info: Trying to load configuration file 'csquotes.cfg'...
Package csquotes Info: ... configuration file loaded successfully.
(/usr/share/texlive/texmf-dist/tex/latex/csquotes/csquotes.cfg
File: csquotes.cfg 
)) (/usr/share/texlive/texmf-dist/tex/latex/tocloft/tocloft.sty
Package: tocloft 2017/08/31 v2.3i parameterised ToC, etc., typesetting
Package tocloft Info: The document has section divisions on input line 51.
\cftparskip=\skip93
\cftbeforetoctitleskip=\skip94
\cftaftertoctitleskip=\skip95
\cftbeforepartskip=\skip96
\cftpartnumwidth=\skip97
\cftpartindent=\skip98
\cftbeforesecskip=\skip99
\cftsecindent=\skip100
\cftsecnumwidth=\skip101
\cftbeforesubsecskip=\skip102
\cftsubsecindent=\skip103
\cftsubsecnumwidth=\skip104
\cftbeforesubsubsecskip=\skip105
\cftsubsubsecindent=\skip106
\cftsubsubsecnumwidth=\skip107
\cftbeforeparaskip=\skip108
\cftparaindent=\skip109
\cftparanumwidth=\skip110
\cftbeforesubparaskip=\skip111
\cftsubparaindent=\skip112
\cftsubparanumwidth=\skip113
\cftbeforeloftitleskip=\skip114
\cftafterloftitleskip=\skip115
\cftbeforefigskip=\skip116
\cftfigindent=\skip117
\cftfignumwidth=\skip118
\c@lofdepth=\count307
\c@lotdepth=\count308
\cftbeforelottitleskip=\skip119
\cftafterlottitleskip=\skip120
\cftbeforetabskip=\skip121
\cfttabindent=\skip122
\cfttabnumwidth=\skip123

Package tocloft Warning: \@starttoc has already been redefined; tocloft bailing
 out. on input line 1156.

) (/usr/share/texlive/texmf-dist/tex/latex/bookmark/bookmark.sty
Package: bookmark 2020-11-06 v1.29 PDF bookmarks (HO)
(/usr/share/texlive/texmf-dist/tex/latex/hyperref/hyperref.sty
Package: hyperref 2022-11-13 v7.00u Hypertext links for LaTeX
(/usr/share/texlive/texmf-dist/tex/generic/pdftexcmds/pdftexcmds.sty
Package: pdftexcmds 2020-06-27 v0.33 Utility functions of pdfTeX for LuaTeX (HO
)
(/usr/share/texlive/texmf-dist/tex/generic/infwarerr/infwarerr.sty
Package: infwarerr 2019/12/03 v1.5 Providing info/warning/error messages (HO)
)
Package pdftexcmds Info: \pdf@primitive is available.
Package pdftexcmds Info: \pdf@ifprimitive is available.
Package pdftexcmds Info: \pdfdraftmode found.
) (/usr/share/texlive/texmf-dist/tex/generic/kvdefinekeys/kvdefinekeys.sty
Package: kvdefinekeys 2019-12-19 v1.6 Define keys (HO)
) (/usr/share/texlive/texmf-dist/tex/generic/pdfescape/pdfescape.sty
Package: pdfescape 2019/12/09 v1.15 Implements pdfTeX's escape features (HO)
) (/usr/share/texlive/texmf-dist/tex/latex/hycolor/hycolor.sty
Package: hycolor 2020-01-27 v1.10 Color options for hyperref/bookmark (HO)
) (/usr/share/texlive/texmf-dist/tex/latex/letltxmacro/letltxmacro.sty
Package: letltxmacro 2019/12/03 v1.6 Let assignment for LaTeX macros (HO)
) (/usr/share/texlive/texmf-dist/tex/latex/auxhook/auxhook.sty
Package: auxhook 2019-12-17 v1.6 Hooks for auxiliary files (HO)
) (/usr/share/texlive/texmf-dist/tex/latex/hyperref/nameref.sty
Package: nameref 2022-05-17 v2.50 Cross-referencing by name of section
(/usr/share/texlive/texmf-dist/tex/latex/refcount/refcount.sty
Package: refcount 2019/12/15 v3.6 Data extraction from label references (HO)
) (/usr/share/texlive/texmf-dist/tex/generic/gettitlestring/gettitlestring.sty
Package: gettitlestring 2019/12/15 v1.6 Cleanup title references (HO)
)
\c@section@level=\count309
)
\@linkdim=\dimen198
\Hy@linkcounter=\count310
\Hy@pagecounter=\count311
(/usr/share/texlive/texmf-dist/tex/latex/hyperref/pd1enc.def
File: pd1enc.def 2022-11-13 v7.00u Hyperref: PDFDocEncoding definition (HO)
Now handling font encoding PD1 ...
... no UTF-8 mapping file for font encoding PD1
) (/usr/share/texlive/texmf-dist/tex/generic/intcalc/intcalc.sty
Package: intcalc 2019/12/15 v1.3 Expandable calculations with integers (HO)
) (/usr/share/texlive/texmf-dist/tex/generic/etexcmds/etexcmds.sty
Package: etexcmds 2019/12/15 v1.7 Avoid name clashes with e-TeX commands (HO)
)
\Hy@SavedSpaceFactor=\count312
(/usr/share/texlive/texmf-dist/tex/latex/hyperref/puenc.def
File: puenc.def 2022-11-13 v7.00u Hyperref: PDF Unicode definition (HO)
Now handling font encoding PU ...
... no UTF-8 mapping file for font encoding PU
)
Package hyperref Info: Option `unicode' set `true' on input line 4045.
Package hyperref Info: Hyper figures OFF on input line 4162.
Package hyperref Info: Link nesting OFF on input line 4167.
Package hyperref Info: Hyper index ON on input line 4170.
Package hyperref Info: Plain pages OFF on input line 4177.
Package hyperref Info: Backreferencing OFF on input line 4182.
Package hyperref Info: Implicit mode ON; LaTeX internals redefined.
Package hyperref Info: Bookmarks ON on input line 4410.
\c@Hy@tempcnt=\count313
(/usr/share/texlive/texmf-dist/tex/latex/url/url.sty
\Urlmuskip=\muskip17
Package: url 2013/09/16  ver 3.4  Verb mode for urls, etc.
)
LaTeX Info: Redefining \url on input line 4748.
\XeTeXLinkMargin=\dimen199
(/usr/share/texlive/texmf-dist/tex/generic/bitset/bitset.sty
Package: bitset 2019/12/09 v1.3 Handle bit-vector datatype (HO)
(/usr/share/texlive/texmf-dist/tex/generic/bigintcalc/bigintcalc.sty
Package: bigintcalc 2019/12/15 v1.5 Expandable calculations on big integers (HO
)
))
\Fld@menulength=\count314
\Field@Width=\dimen256
\Fld@charsize=\dimen257
Package hyperref Info: Hyper figures OFF on input line 6027.
Package hyperref Info: Link nesting OFF on input line 6032.
Package hyperref Info: Hyper index ON on input line 6035.
Package hyperref Info: backreferencing OFF on input line 6042.
Package hyperref Info: Link coloring OFF on input line 6047.
Package hyperref Info: Link coloring with OCG OFF on input line 6052.
Package hyperref Info: PDF/A mode OFF on input line 6057.
(/usr/share/texlive/texmf-dist/tex/latex/base/atbegshi-ltx.sty
Package: atbegshi-ltx 2021/01/10 v1.0c Emulation of the original atbegshi
package with kernel methods
)
\Hy@abspage=\count315
\c@Item=\count316
\c@Hfootnote=\count317
)
Package hyperref Info: Driver (autodetected): hpdftex.
(/usr/share/texlive/texmf-dist/tex/latex/hyperref/hpdftex.def
File: hpdftex.def 2022-11-13 v7.00u Hyperref driver for pdfTeX
(/usr/share/texlive/texmf-dist/tex/latex/base/atveryend-ltx.sty
Package: atveryend-ltx 2020/08/19 v1.0a Emulation of the original atveryend pac
kage
with kernel methods
)
\Fld@listcount=\count318
\c@bookmark@seq@number=\count319
(/usr/share/texlive/texmf-dist/tex/latex/rerunfilecheck/rerunfilecheck.sty
Package: rerunfilecheck 2022-07-10 v1.10 Rerun checks for auxiliary files (HO)
(/usr/share/texlive/texmf-dist/tex/generic/uniquecounter/uniquecounter.sty
Package: uniquecounter 2019/12/15 v1.4 Provide unlimited unique counter (HO)
)
Package uniquecounter Info: New unique counter `rerunfilecheck' on input line 2
85.
)
\Hy@SectionHShift=\skip124
) (/usr/share/texlive/texmf-dist/tex/latex/bookmark/bkm-pdftex.def
File: bkm-pdftex.def 2020-11-06 v1.29 bookmark driver for pdfTeX (HO)
\BKM@id=\count320
)) (/usr/share/texlive/texmf-dist/tex/latex/xurl/xurl.sty
Package: xurl 2022/01/09 v 0.10 modify URL breaks
)
Package csquotes Info: Checking for multilingual support...
Package csquotes Info: ... found 'babel' package.
Package csquotes Info: Adjusting default style.
Package csquotes Info: Redefining alias 'default' -> 'english'.
(./desc_NRW80.aux)
\openout1 = `desc_NRW80.aux'.

LaTeX Font Info:    Checking defaults for OML/cmm/m/it on input line 253.
LaTeX Font Info:    ... okay on input line 253.
LaTeX Font Info:    Checking defaults for OMS/cmsy/m/n on input line 253.
LaTeX Font Info:    ... okay on input line 253.
LaTeX Font Info:    Checking defaults for OT1/cmr/m/n on input line 253.
LaTeX Font Info:    ... okay on input line 253.
LaTeX Font Info:    Checking defaults for T1/cmr/m/n on input line 253.
LaTeX Font Info:    ... okay on input line 253.
LaTeX Font Info:    Checking defaults for TS1/cmr/m/n on input line 253.
LaTeX Font Info:    ... okay on input line 253.
LaTeX Font Info:    Checking defaults for OMX/cmex/m/n on input line 253.
LaTeX Font Info:    ... okay on input line 253.
LaTeX Font Info:    Checking defaults for U/cmr/m/n on input line 253.
LaTeX Font Info:    ... okay on input line 253.
LaTeX Font Info:    Checking defaults for PD1/pdf/m/n on input line 253.
LaTeX Font Info:    ... okay on input line 253.
LaTeX Font Info:    Checking defaults for PU/pdf/m/n on input line 253.
LaTeX Font Info:    ... okay on input line 253.
*geometry* driver: auto-detecting
*geometry* detected driver: pdftex
*geometry* verbose mode - [ preamble ] result:
* driver: pdftex
* paper: <default>
* layout: <same size as paper>
* layoutoffset:(h,v)=(0.0pt,0.0pt)
* modes: 
* h-part:(L,W,R)=(72.26999pt, 469.75502pt, 72.26999pt)
* v-part:(T,H,B)=(72.26999pt, 650.43001pt, 72.26999pt)
* \paperwidth=614.295pt
* \paperheight=794.96999pt
* \textwidth=433.62pt
* \textheight=614.295pt
* \oddsidemargin=18.06749pt
* \evensidemargin=18.06749pt
* \topmargin=-18.06749pt
* \headheight=15.2pt
* \headsep=25.0pt
* \topskip=11.0pt
* \footskip=30.0pt
* \marginparwidth=59.0pt
* \marginparsep=10.0pt
* \columnsep=10.0pt
* \skip\footins=10.0pt plus 4.0pt minus 2.0pt
* \hoffset=0.0pt
* \voffset=0.0pt
* \mag=1000
* \@twocolumnfalse
* \@twosidefalse
* \@mparswitchfalse
* \@reversemarginfalse
* (1in=72.27pt=25.4mm, 1cm=28.453pt)

(/usr/share/texlive/texmf-dist/tex/context/base/mkii/supp-pdf.mkii
[Loading MPS to PDF converter (version 2006.09.02).]
\scratchcounter=\count321
\scratchdimen=\dimen258
\scratchbox=\box65
\nofMPsegments=\count322
\nofMParguments=\count323
\everyMPshowfont=\toks31
\MPscratchCnt=\count324
\MPscratchDim=\dimen259
\MPnumerator=\count325
\makeMPintoPDFobject=\count326
\everyMPtoPDFconversion=\toks32
) (/usr/share/texlive/texmf-dist/tex/latex/epstopdf-pkg/epstopdf-base.sty
Package: epstopdf-base 2020-01-24 v2.11 Base part for package epstopdf
Package epstopdf-base Info: Redefining graphics rule for `.eps' on input line 4
85.
(/usr/share/texlive/texmf-dist/tex/latex/latexconfig/epstopdf-sys.cfg
File: epstopdf-sys.cfg 2010/07/13 v1.3 Configuration of (r)epstopdf for TeX Liv
e
)) (/usr/share/texlive/texmf-dist/tex/latex/apa6/config/APAamerican.txt
File: APAamerican.txt 2012/02/23 v1.25 apa6 configuration for American English
)
Package caption Info: Begin \AtBeginDocument code.
Package caption Info: hyperref package is loaded.
Package caption Info: longtable package is loaded.
(/usr/share/texlive/texmf-dist/tex/latex/caption/ltcaption.sty
Package: ltcaption 2021/01/08 v1.4c longtable captions (AR)
)
Package caption Info: End \AtBeginDocument code.
LaTeX Info: Redefining \microtypecontext on input line 253.
Package microtype Info: Applying patch `item' on input line 253.
Package microtype Info: Applying patch `toc' on input line 253.
Package microtype Info: Applying patch `eqnum' on input line 253.
Package microtype Info: Applying patch `footnote' on input line 253.
Package microtype Info: Generating PDF output.
Package microtype Info: Character protrusion enabled (level 2).
Package microtype Info: Using protrusion set `basicmath'.
Package microtype Info: Automatic font expansion enabled (level 2),
(microtype)             stretch: 20, shrink: 20, step: 1, non-selected.
Package microtype Info: Using default expansion set `alltext-nott'.
LaTeX Info: Redefining \showhyphens on input line 253.
Package microtype Info: No adjustment of tracking.
Package microtype Info: No adjustment of interword spacing.
Package microtype Info: No adjustment of character kerning.
(/usr/share/texlive/texmf-dist/tex/latex/microtype/mt-cmr.cfg
File: mt-cmr.cfg 2013/05/19 v2.2 microtype config. file: Computer Modern Roman 
(RS)
)
Package hyperref Info: Link coloring OFF on input line 253.
Using title for running head
LaTeX Font Info:    Trying to load font information for OT1+lmr on input line 2
55.
(/usr/share/texmf/tex/latex/lm/ot1lmr.fd
File: ot1lmr.fd 2015/05/01 v1.6.1 Font defs for Latin Modern
)
LaTeX Font Info:    Trying to load font information for OML+lmm on input line 2
55.
(/usr/share/texmf/tex/latex/lm/omllmm.fd
File: omllmm.fd 2015/05/01 v1.6.1 Font defs for Latin Modern
)
LaTeX Font Info:    Trying to load font information for OMS+lmsy on input line 
255.
(/usr/share/texmf/tex/latex/lm/omslmsy.fd
File: omslmsy.fd 2015/05/01 v1.6.1 Font defs for Latin Modern
)
LaTeX Font Info:    Trying to load font information for OMX+lmex on input line 
255.
(/usr/share/texmf/tex/latex/lm/omxlmex.fd
File: omxlmex.fd 2015/05/01 v1.6.1 Font defs for Latin Modern
)
LaTeX Font Info:    External font `lmex10' loaded for size
(Font)              <14.4> on input line 255.
LaTeX Font Info:    External font `lmex10' loaded for size
(Font)              <10> on input line 255.
LaTeX Font Info:    External font `lmex10' loaded for size
(Font)              <7> on input line 255.
LaTeX Font Info:    Trying to load font information for U+msa on input line 255
.
(/usr/share/texlive/texmf-dist/tex/latex/amsfonts/umsa.fd
File: umsa.fd 2013/01/14 v3.01 AMS symbols A
) (/usr/share/texlive/texmf-dist/tex/latex/microtype/mt-msa.cfg
File: mt-msa.cfg 2006/02/04 v1.1 microtype config. file: AMS symbols (a) (RS)
)
LaTeX Font Info:    Trying to load font information for U+msb on input line 255
.
(/usr/share/texlive/texmf-dist/tex/latex/amsfonts/umsb.fd
File: umsb.fd 2013/01/14 v3.01 AMS symbols B
) (/usr/share/texlive/texmf-dist/tex/latex/microtype/mt-msb.cfg
File: mt-msb.cfg 2005/06/01 v1.0 microtype config. file: AMS symbols (b) (RS)
) (/usr/share/texlive/texmf-dist/tex/latex/microtype/mt-eur.cfg
File: mt-eur.cfg 2006/07/31 v1.1 microtype config. file: AMS Euler Roman (RS)
)
LaTeX Font Info:    External font `lmex10' loaded for size
(Font)              <10.95> on input line 255.
LaTeX Font Info:    External font `lmex10' loaded for size
(Font)              <8> on input line 255.
LaTeX Font Info:    External font `lmex10' loaded for size
(Font)              <6> on input line 255.
LaTeX Font Info:    External font `lmex10' loaded for size
(Font)              <9> on input line 255.
LaTeX Font Info:    External font `lmex10' loaded for size
(Font)              <5> on input line 255.
(./desc_NRW80.toc
LaTeX Font Info:    Trying to load font information for T1+lmtt on input line 7
.
(/usr/share/texmf/tex/latex/lm/t1lmtt.fd
File: t1lmtt.fd 2015/05/01 v1.6.1 Font defs for Latin Modern
) [1

{/var/lib/texmf/fonts/map/pdftex/updmap/pdftex.map}])
\tf@toc=\write4
\openout4 = `desc_NRW80.toc'.

LaTeX Font Info:    Font shape `T1/lmtt/bx/n' in size <10.95> not available
(Font)              Font shape `T1/lmtt/b/n' tried instead on input line 268.

Overfull \hbox (147.00209pt too wide) in paragraph at lines 353--353
[]\T1/lmtt/m/n/10.95 ## LAPACK: /usr/lib/x86_64-linux-gnu/openblas-pthread/libo
penblasp-r0.3.21.so;  LAPACK version 3.11.0[] 
 []


Overfull \hbox (32.02742pt too wide) in paragraph at lines 353--353
[]\T1/lmtt/m/n/10.95 ##  [1] LC_CTYPE=en_US.UTF-8       LC_NUMERIC=C           
    LC_TIME=en_US.UTF-8[] 
 []


Overfull \hbox (55.02235pt too wide) in paragraph at lines 353--353
[]\T1/lmtt/m/n/10.95 ##  [4] LC_COLLATE=en_US.UTF-8     LC_MONETARY=en_US.UTF-8
    LC_MESSAGES=en_US.UTF-8[] 
 []

[2]
Overfull \hbox (32.02742pt too wide) in paragraph at lines 353--353
[]\T1/lmtt/m/n/10.95 ## [10] LC_TELEPHONE=C             LC_MEASUREMENT=en_US.UT
F-8 LC_IDENTIFICATION=C[] 
 []


Overfull \hbox (32.02742pt too wide) in paragraph at lines 353--353
[]\T1/lmtt/m/n/10.95 ## [1] grid      stats     graphics  grDevices utils     d
atasets  methods   base[] 
 []


Overfull \hbox (135.50462pt too wide) in paragraph at lines 353--353
[]\T1/lmtt/m/n/10.95 ##  [1] magick_2.8.2        lubridate_1.9.3     forcats_1.
0.0       stringr_1.5.1       dplyr_1.1.4[] 
 []


Overfull \hbox (141.25336pt too wide) in paragraph at lines 353--353
[]\T1/lmtt/m/n/10.95 ##  [6] purrr_1.0.2         readr_2.1.5         tibble_3.2
.1        tidyverse_2.0.0     sjmisc_2.8.9[] 
 []


Overfull \hbox (141.25336pt too wide) in paragraph at lines 353--353
[]\T1/lmtt/m/n/10.95 ## [11] sjlabelled_1.2.0    psych_2.3.12        ggstats_0.
5.1       tidyr_1.3.0         expss_0.11.6[] 
 []


Overfull \hbox (124.00716pt too wide) in paragraph at lines 353--353
[]\T1/lmtt/m/n/10.95 ## [16] maditr_0.8.4        likert_1.3.5        xtable_1.8
-4        ggplot2_3.4.4       HH_3.1-49[] 
 []


Overfull \hbox (152.75082pt too wide) in paragraph at lines 353--353
[]\T1/lmtt/m/n/10.95 ## [21] gridExtra_2.3       multcomp_1.4-25     TH.data_1.
1-2       MASS_7.3-60         survival_3.5-7[] 
 []


Overfull \hbox (135.50462pt too wide) in paragraph at lines 353--353
[]\T1/lmtt/m/n/10.95 ## [26] mvtnorm_1.2-4       latticeExtra_0.6-30 lattice_0.
22-5      rstatix_0.7.2       skimr_2.1.5[] 
 []


Overfull \hbox (164.24829pt too wide) in paragraph at lines 353--353
[]\T1/lmtt/m/n/10.95 ## [31] janitor_2.2.0       labelled_2.12.0     haven_2.5.
4         papaja_0.1.2        tinylabels_0.2.4[] 
 []


Overfull \hbox (78.01729pt too wide) in paragraph at lines 353--353
[]\T1/lmtt/m/n/10.95 ##  [1] matrixStats_1.2.0    httr_1.4.7           webshot_
0.5.5        RColorBrewer_1.1-3[] 
 []


Overfull \hbox (60.77109pt too wide) in paragraph at lines 353--353
[]\T1/lmtt/m/n/10.95 ##  [5] insight_0.19.7       repr_1.1.6           tools_4.
3.2          backports_1.4.1[] 
 []


Overfull \hbox (26.27869pt too wide) in paragraph at lines 353--353
[]\T1/lmtt/m/n/10.95 ##  [9] utf8_1.2.4           R6_2.5.1             withr_2.
5.2          cli_3.6.2[] 
 []


Overfull \hbox (55.02235pt too wide) in paragraph at lines 353--353
[]\T1/lmtt/m/n/10.95 ## [13] sandwich_3.1-0       labeling_0.4.3       systemfo
nts_1.0.5    foreign_0.8-85[] 
 []


Overfull \hbox (26.27869pt too wide) in paragraph at lines 353--353
[]\T1/lmtt/m/n/10.95 ## [17] svglite_2.1.3        rstudioapi_0.15.0    generics
_0.1.3       car_3.1-2[] 
 []


Overfull \hbox (37.77615pt too wide) in paragraph at lines 353--353
[]\T1/lmtt/m/n/10.95 ## [21] leaps_3.1            Matrix_1.6-4         interp_1
.1-5         fansi_1.0.6[] 
 []


Overfull \hbox (66.51982pt too wide) in paragraph at lines 353--353
[]\T1/lmtt/m/n/10.95 ## [25] abind_1.4-5          lifecycle_1.0.4      yaml_2.3
.8           snakecase_0.11.1[] 
 []


Overfull \hbox (43.52489pt too wide) in paragraph at lines 353--353
[]\T1/lmtt/m/n/10.95 ## [29] carData_3.0-5        promises_1.2.1       crayon_1
.5.2         pillar_1.9.0[] 
 []


Overfull \hbox (78.01729pt too wide) in paragraph at lines 353--353
[]\T1/lmtt/m/n/10.95 ## [33] knitr_1.45           codetools_0.2-19     glue_1.7
.0           data.table_1.14.10[] 
 []


Overfull \hbox (26.27869pt too wide) in paragraph at lines 353--353
[]\T1/lmtt/m/n/10.95 ## [37] broom.helpers_1.14.0 vcd_1.4-12           vctrs_0.
6.5          png_0.1-8[] 
 []


Overfull \hbox (26.27869pt too wide) in paragraph at lines 353--353
[]\T1/lmtt/m/n/10.95 ## [41] gtable_0.3.1         assertthat_0.2.1     xfun_0.4
1            mime_0.12[] 
 []


Overfull \hbox (43.52489pt too wide) in paragraph at lines 353--353
[]\T1/lmtt/m/n/10.95 ## [45] tinytex_0.49         gmp_0.7-3            ellipsis
_0.3.2       nlme_3.1-163[] 
 []


Overfull \hbox (37.77615pt too wide) in paragraph at lines 353--353
[]\T1/lmtt/m/n/10.95 ## [49] rpart_4.1.21         colorspace_2.1-0     Hmisc_5.
1-1          nnet_7.3-19[] 
 []


Overfull \hbox (37.77615pt too wide) in paragraph at lines 353--353
[]\T1/lmtt/m/n/10.95 ## [53] mnormt_2.1.1         tidyselect_1.2.0     compiler
_4.3.2       rvest_1.0.3[] 
 []


Overfull \hbox (60.77109pt too wide) in paragraph at lines 353--353
[]\T1/lmtt/m/n/10.95 ## [57] htmlTable_2.4.2      xml2_1.3.5           bookdown
_0.32        checkmate_2.3.1[] 
 []


Overfull \hbox (55.02235pt too wide) in paragraph at lines 353--353
[]\T1/lmtt/m/n/10.95 ## [61] scales_1.3.0         lmtest_0.9-40        digest_0
.6.34        rmarkdown_2.25[] 
 []


Overfull \hbox (60.77109pt too wide) in paragraph at lines 353--353
[]\T1/lmtt/m/n/10.95 ## [65] htmltools_0.5.7      pkgconfig_2.0.3      jpeg_0.1
-10          base64enc_0.1-3[] 
 []


Overfull \hbox (72.26855pt too wide) in paragraph at lines 353--353
[]\T1/lmtt/m/n/10.95 ## [69] highr_0.10           fastmap_1.1.1        rlang_1.
1.3          htmlwidgets_1.6.1[] 
 []


Overfull \hbox (55.02235pt too wide) in paragraph at lines 353--353
[]\T1/lmtt/m/n/10.95 ## [73] shiny_1.8.0          farver_2.1.1         zoo_1.8-
12           jsonlite_1.8.8[] 
 []


Overfull \hbox (37.77615pt too wide) in paragraph at lines 353--353
[]\T1/lmtt/m/n/10.95 ## [77] magrittr_2.0.3       Formula_1.2-5        munsell_
0.5.0        Rcpp_1.0.12[] 
 []


Overfull \hbox (43.52489pt too wide) in paragraph at lines 353--353
[]\T1/lmtt/m/n/10.95 ## [81] stringi_1.8.3        plyr_1.8.9           parallel
_4.3.2       deldir_2.0-2[] 
 []


Overfull \hbox (55.02235pt too wide) in paragraph at lines 353--353
[]\T1/lmtt/m/n/10.95 ## [85] splines_4.3.2        hms_1.1.3            rmdfiltr
_0.1.3       reshape2_1.4.4[] 
 []


Overfull \hbox (37.77615pt too wide) in paragraph at lines 353--353
[]\T1/lmtt/m/n/10.95 ## [89] evaluate_0.23        tzdb_0.4.0           httpuv_1
.6.13        broom_1.0.5[] 
 []


Overfull \hbox (49.27362pt too wide) in paragraph at lines 353--353
[]\T1/lmtt/m/n/10.95 ## [93] Rmpfr_0.9-4          later_1.3.2          viridisL
ite_0.4.2    cluster_2.1.6[] 
 []


Underfull \vbox (badness 10000) has occurred while \output is active []

[3]
Overfull \vbox (1.09738pt too high) detected at line 420
 []

[4]
Overfull \hbox (129.75589pt too wide) in paragraph at lines 437--437
[]\T1/lmtt/m/n/10.95 ##     alterl1          alterl2          alterl3          
alterl4          alterl5         alterl6[] 
 []


Overfull \hbox (152.75082pt too wide) in paragraph at lines 437--437
[]\T1/lmtt/m/n/10.95 ##  Min.   :-2.000   Min.   :-2.000   Min.   :-2.000   Min
.   :-2.000   Min.   :-2.00   Min.   :-2.000[] 
 []


Overfull \hbox (152.75082pt too wide) in paragraph at lines 437--437
[]\T1/lmtt/m/n/10.95 ##  1st Qu.: 1.000   1st Qu.: 2.000   1st Qu.: 1.000   1st
 Qu.: 2.000   1st Qu.: 2.00   1st Qu.: 2.000[] 
 []


Overfull \hbox (152.75082pt too wide) in paragraph at lines 437--437
[]\T1/lmtt/m/n/10.95 ##  Median : 3.000   Median : 4.000   Median : 2.000   Med
ian : 3.000   Median : 3.00   Median : 4.000[] 
 []


Overfull \hbox (152.75082pt too wide) in paragraph at lines 437--437
[]\T1/lmtt/m/n/10.95 ##  Mean   : 2.656   Mean   : 3.282   Mean   : 2.349   Mea
n   : 2.763   Mean   : 2.99   Mean   : 3.405[] 
 []


Overfull \hbox (152.75082pt too wide) in paragraph at lines 437--437
[]\T1/lmtt/m/n/10.95 ##  3rd Qu.: 4.000   3rd Qu.: 4.000   3rd Qu.: 3.000   3rd
 Qu.: 4.000   3rd Qu.: 4.00   3rd Qu.: 5.000[] 
 []


Overfull \hbox (152.75082pt too wide) in paragraph at lines 437--437
[]\T1/lmtt/m/n/10.95 ##  Max.   : 5.000   Max.   : 5.000   Max.   : 5.000   Max
.   : 5.000   Max.   : 5.00   Max.   : 5.000[] 
 []


Overfull \hbox (20.52995pt too wide) in paragraph at lines 457--457
[]\T1/lmtt/m/n/10.95 ## Weiÿ nicht Verweigert  Gar nicht  Ein wenig      Mäÿig 
     Stark Sehr stark[] 
 []


Overfull \hbox (20.52995pt too wide) in paragraph at lines 457--457
[]\T1/lmtt/m/n/10.95 ##         80          6        390        266        451 
       511        159[] 
 []


Overfull \hbox (20.52995pt too wide) in paragraph at lines 518--518
[]\T1/lmtt/m/n/10.95 ## Weiÿ nicht Verweigert  Gar nicht  Ein wenig      Mäÿig 
     Stark Sehr stark[] 
 []


Overfull \hbox (20.52995pt too wide) in paragraph at lines 518--518
[]\T1/lmtt/m/n/10.95 ##         80          6        390        266        451 
       511        159[] 
 []


Overfull \hbox (20.52995pt too wide) in paragraph at lines 518--518
[]\T1/lmtt/m/n/10.95 ## Weiÿ nicht Verweigert  Gar nicht  Ein wenig      Mäÿig 
     Stark Sehr stark[] 
 []


Overfull \hbox (20.52995pt too wide) in paragraph at lines 518--518
[]\T1/lmtt/m/n/10.95 ##         36          4        196        245        379 
       648        355[] 
 []

[5]
Overfull \hbox (20.52995pt too wide) in paragraph at lines 518--518
[]\T1/lmtt/m/n/10.95 ## Weiÿ nicht Verweigert  Gar nicht  Ein wenig      Mäÿig 
     Stark Sehr stark[] 
 []


Overfull \hbox (20.52995pt too wide) in paragraph at lines 518--518
[]\T1/lmtt/m/n/10.95 ##         20          3        500        577        403 
       244        116[] 
 []


Overfull \hbox (20.52995pt too wide) in paragraph at lines 518--518
[]\T1/lmtt/m/n/10.95 ## Weiÿ nicht Verweigert  Gar nicht  Ein wenig      Mäÿig 
     Stark Sehr stark[] 
 []


Overfull \hbox (20.52995pt too wide) in paragraph at lines 518--518
[]\T1/lmtt/m/n/10.95 ##        122          8        222        260        527 
       543        181[] 
 []


Overfull \hbox (20.52995pt too wide) in paragraph at lines 518--518
[]\T1/lmtt/m/n/10.95 ## Weiÿ nicht Verweigert  Gar nicht  Ein wenig      Mäÿig 
     Stark Sehr stark[] 
 []


Overfull \hbox (20.52995pt too wide) in paragraph at lines 518--518
[]\T1/lmtt/m/n/10.95 ##        101          4        199        211        452 
       680        216[] 
 []


Overfull \hbox (20.52995pt too wide) in paragraph at lines 518--518
[]\T1/lmtt/m/n/10.95 ## Weiÿ nicht Verweigert  Gar nicht  Ein wenig      Mäÿig 
     Stark Sehr stark[] 
 []


Overfull \hbox (20.52995pt too wide) in paragraph at lines 518--518
[]\T1/lmtt/m/n/10.95 ##         19          3        149        324        358 
       537        473[] 
 []


Overfull \hbox (20.52995pt too wide) in paragraph at lines 518--518
[]\T1/lmtt/m/n/10.95 ## Weiÿ nicht Verweigert  Gar nicht  Ein wenig      Mäÿig 
     Stark Sehr stark[] 
 []


Overfull \hbox (20.52995pt too wide) in paragraph at lines 518--518
[]\T1/lmtt/m/n/10.95 ##         20          2        145        362        471 
       525        338[] 
 []


Overfull \hbox (20.52995pt too wide) in paragraph at lines 518--518
[]\T1/lmtt/m/n/10.95 ## Weiÿ nicht Verweigert  Gar nicht  Ein wenig      Mäÿig 
     Stark Sehr stark[] 
 []


Overfull \hbox (20.52995pt too wide) in paragraph at lines 518--518
[]\T1/lmtt/m/n/10.95 ##         20          3        516        350        325 
       340        309[] 
 []


Overfull \hbox (20.52995pt too wide) in paragraph at lines 518--518
[]\T1/lmtt/m/n/10.95 ## Weiÿ nicht Verweigert  Gar nicht  Ein wenig      Mäÿig 
     Stark Sehr stark[] 
 []


Overfull \hbox (20.52995pt too wide) in paragraph at lines 518--518
[]\T1/lmtt/m/n/10.95 ##         83         10        261        228        425 
       564        292[] 
 []


Overfull \hbox (20.52995pt too wide) in paragraph at lines 518--518
[]\T1/lmtt/m/n/10.95 ## Weiÿ nicht Verweigert  Gar nicht  Ein wenig      Mäÿig 
     Stark Sehr stark[] 
 []


Overfull \hbox (20.52995pt too wide) in paragraph at lines 518--518
[]\T1/lmtt/m/n/10.95 ##         44          7        537        433        486 
       251        105[] 
 []


Overfull \hbox (60.77109pt too wide) in paragraph at lines 579--579
[]\T1/lmtt/m/n/10.95 ##  Weiÿ nicht  Verweigert   Gar nicht   Ein wenig       M
äÿig       Stark  Sehr stark[] 
 []

[6]
Overfull \hbox (60.77109pt too wide) in paragraph at lines 579--579
[]\T1/lmtt/m/n/10.95 ## 0.042941492 0.003220612 0.209339775 0.142780462 0.24208
2662 0.274288782 0.085346216[] 
 []


Overfull \hbox (60.77109pt too wide) in paragraph at lines 579--579
[]\T1/lmtt/m/n/10.95 ##  Weiÿ nicht  Verweigert   Gar nicht   Ein wenig       M
äÿig       Stark  Sehr stark[] 
 []


Overfull \hbox (60.77109pt too wide) in paragraph at lines 579--579
[]\T1/lmtt/m/n/10.95 ## 0.019323671 0.002147075 0.105206656 0.131508320 0.20343
5319 0.347826087 0.190552872[] 
 []


Overfull \hbox (60.77109pt too wide) in paragraph at lines 579--579
[]\T1/lmtt/m/n/10.95 ##  Weiÿ nicht  Verweigert   Gar nicht   Ein wenig       M
äÿig       Stark  Sehr stark[] 
 []


Overfull \hbox (60.77109pt too wide) in paragraph at lines 579--579
[]\T1/lmtt/m/n/10.95 ## 0.010735373 0.001610306 0.268384326 0.309715513 0.21631
7767 0.130971551 0.062265164[] 
 []


Overfull \hbox (60.77109pt too wide) in paragraph at lines 579--579
[]\T1/lmtt/m/n/10.95 ##  Weiÿ nicht  Verweigert   Gar nicht   Ein wenig       M
äÿig       Stark  Sehr stark[] 
 []


Overfull \hbox (60.77109pt too wide) in paragraph at lines 579--579
[]\T1/lmtt/m/n/10.95 ## 0.065485776 0.004294149 0.119162641 0.139559850 0.28287
7080 0.291465378 0.097155126[] 
 []


Overfull \hbox (60.77109pt too wide) in paragraph at lines 579--579
[]\T1/lmtt/m/n/10.95 ##  Weiÿ nicht  Verweigert   Gar nicht   Ein wenig       M
äÿig       Stark  Sehr stark[] 
 []


Overfull \hbox (60.77109pt too wide) in paragraph at lines 579--579
[]\T1/lmtt/m/n/10.95 ## 0.054213634 0.002147075 0.106816962 0.113258186 0.24261
9431 0.365002684 0.115942029[] 
 []


Overfull \hbox (60.77109pt too wide) in paragraph at lines 579--579
[]\T1/lmtt/m/n/10.95 ##  Weiÿ nicht  Verweigert   Gar nicht   Ein wenig       M
äÿig       Stark  Sehr stark[] 
 []


Overfull \hbox (60.77109pt too wide) in paragraph at lines 579--579
[]\T1/lmtt/m/n/10.95 ## 0.010198604 0.001610306 0.079978529 0.173913043 0.19216
3178 0.288244767 0.253891573[] 
 []


Overfull \hbox (60.77109pt too wide) in paragraph at lines 579--579
[]\T1/lmtt/m/n/10.95 ##  Weiÿ nicht  Verweigert   Gar nicht   Ein wenig       M
äÿig       Stark  Sehr stark[] 
 []


Overfull \hbox (60.77109pt too wide) in paragraph at lines 579--579
[]\T1/lmtt/m/n/10.95 ## 0.010735373 0.001073537 0.077831455 0.194310252 0.25281
8035 0.281803543 0.181427805[] 
 []


Overfull \hbox (60.77109pt too wide) in paragraph at lines 579--579
[]\T1/lmtt/m/n/10.95 ##  Weiÿ nicht  Verweigert   Gar nicht   Ein wenig       M
äÿig       Stark  Sehr stark[] 
 []


Overfull \hbox (60.77109pt too wide) in paragraph at lines 579--579
[]\T1/lmtt/m/n/10.95 ## 0.010735373 0.001610306 0.276972625 0.187869028 0.17444
9812 0.182501342 0.165861514[] 
 []


Overfull \hbox (60.77109pt too wide) in paragraph at lines 579--579
[]\T1/lmtt/m/n/10.95 ##  Weiÿ nicht  Verweigert   Gar nicht   Ein wenig       M
äÿig       Stark  Sehr stark[] 
 []


Overfull \hbox (60.77109pt too wide) in paragraph at lines 579--579
[]\T1/lmtt/m/n/10.95 ## 0.044551798 0.005367687 0.140096618 0.122383253 0.22812
6677 0.302737520 0.156736447[] 
 []


Overfull \hbox (60.77109pt too wide) in paragraph at lines 579--579
[]\T1/lmtt/m/n/10.95 ##  Weiÿ nicht  Verweigert   Gar nicht   Ein wenig       M
äÿig       Stark  Sehr stark[] 
 []


Underfull \vbox (badness 10000) has occurred while \output is active []

[7]
Overfull \hbox (60.77109pt too wide) in paragraph at lines 579--579
[]\T1/lmtt/m/n/10.95 ## 0.023617821 0.003757381 0.288244767 0.232420827 0.26086
9565 0.134728932 0.056360709[] 
 []


Underfull \vbox (badness 1558) has occurred while \output is active []

[8]
Underfull \vbox (badness 10000) has occurred while \output is active []

[9] [10]
Underfull \vbox (badness 10000) has occurred while \output is active []

[11]
Underfull \vbox (badness 10000) has occurred while \output is active []

[12]
Underfull \vbox (badness 10000) has occurred while \output is active []

[13]
Overfull \hbox (129.75589pt too wide) in paragraph at lines 946--946
[]\T1/lmtt/m/n/10.95 ##     alterl1          alterl2          alterl3          
alterl4          alterl5         alterl6[] 
 []


Overfull \hbox (152.75082pt too wide) in paragraph at lines 946--946
[]\T1/lmtt/m/n/10.95 ##  Min.   :-2.000   Min.   :-2.000   Min.   :-2.000   Min
.   :-2.000   Min.   :-2.00   Min.   :-2.000[] 
 []


Overfull \hbox (152.75082pt too wide) in paragraph at lines 946--946
[]\T1/lmtt/m/n/10.95 ##  1st Qu.: 1.000   1st Qu.: 2.000   1st Qu.: 1.000   1st
 Qu.: 2.000   1st Qu.: 2.00   1st Qu.: 2.000[] 
 []


Overfull \hbox (152.75082pt too wide) in paragraph at lines 946--946
[]\T1/lmtt/m/n/10.95 ##  Median : 3.000   Median : 4.000   Median : 2.000   Med
ian : 3.000   Median : 3.00   Median : 4.000[] 
 []


Overfull \hbox (152.75082pt too wide) in paragraph at lines 946--946
[]\T1/lmtt/m/n/10.95 ##  Mean   : 2.656   Mean   : 3.282   Mean   : 2.349   Mea
n   : 2.763   Mean   : 2.99   Mean   : 3.405[] 
 []


Overfull \hbox (152.75082pt too wide) in paragraph at lines 946--946
[]\T1/lmtt/m/n/10.95 ##  3rd Qu.: 4.000   3rd Qu.: 4.000   3rd Qu.: 3.000   3rd
 Qu.: 4.000   3rd Qu.: 4.00   3rd Qu.: 5.000[] 
 []


Overfull \hbox (152.75082pt too wide) in paragraph at lines 946--946
[]\T1/lmtt/m/n/10.95 ##  Max.   : 5.000   Max.   : 5.000   Max.   : 5.000   Max
.   : 5.000   Max.   : 5.00   Max.   : 5.000[] 
 []


Overfull \hbox (147.00209pt too wide) in paragraph at lines 946--946
[]\T1/lmtt/m/n/10.95 ##     alterl7          alterl8          alterl9          
alterl10        alter_int        alter_cont[] 
 []


Overfull \hbox (158.49956pt too wide) in paragraph at lines 946--946
[]\T1/lmtt/m/n/10.95 ##  Min.   :-2.000   Min.   :-2.000   Min.   :-2.000   Min
.   :-2.000   Min.   : 80.00   Min.   : 80.11[] 
 []


Overfull \hbox (158.49956pt too wide) in paragraph at lines 946--946
[]\T1/lmtt/m/n/10.95 ##  1st Qu.: 2.000   1st Qu.: 1.000   1st Qu.: 2.000   1st
 Qu.: 1.000   1st Qu.: 82.00   1st Qu.: 82.99[] 
 []


Overfull \hbox (158.49956pt too wide) in paragraph at lines 946--946
[]\T1/lmtt/m/n/10.95 ##  Median : 3.000   Median : 3.000   Median : 3.000   Med
ian : 2.000   Median : 86.00   Median : 86.59[] 
 []


Overfull \hbox (158.49956pt too wide) in paragraph at lines 946--946
[]\T1/lmtt/m/n/10.95 ##  Mean   : 3.237   Mean   : 2.712   Mean   : 2.969   Mea
n   : 2.305   Mean   : 86.48   Mean   : 86.98[] 
 []


Overfull \hbox (158.49956pt too wide) in paragraph at lines 946--946
[]\T1/lmtt/m/n/10.95 ##  3rd Qu.: 4.000   3rd Qu.: 4.000   3rd Qu.: 4.000   3rd
 Qu.: 3.000   3rd Qu.: 90.00   3rd Qu.: 90.56[] 
 []

[14]
Overfull \hbox (158.49956pt too wide) in paragraph at lines 946--946
[]\T1/lmtt/m/n/10.95 ##  Max.   : 5.000   Max.   : 5.000   Max.   : 5.000   Max
.   : 5.000   Max.   :102.00   Max.   :102.92[] 
 []

LaTeX Font Info:    Trying to load font information for TS1+lmtt on input line 
946.
(/usr/share/texmf/tex/latex/lm/ts1lmtt.fd
File: ts1lmtt.fd 2015/05/01 v1.6.1 Font defs for Latin Modern
)
Overfull \hbox (129.75589pt too wide) in paragraph at lines 946--946
[]\T1/lmtt/m/n/10.95 ##                                                        
              NA\TS1/lmtt/m/n/10.95 '\T1/lmtt/m/n/10.95 s   :6        NA\TS1/lm
tt/m/n/10.95 '\T1/lmtt/m/n/10.95 s   :6[] 
 []


Overfull \hbox (112.50969pt too wide) in paragraph at lines 946--946
[]\T1/lmtt/m/n/10.95 ##    alterl_m1       alterl_m2         alterp        ALT_
agegroup      ALT_sex          famst1[] 
 []


Overfull \hbox (135.50462pt too wide) in paragraph at lines 946--946
[]\T1/lmtt/m/n/10.95 ##  Min.   :1.000   Min.   :1.000   Min.   :-4.000   Min. 
  :1.000   Min.   :1.000   Min.   :-1.000[] 
 []


Overfull \hbox (135.50462pt too wide) in paragraph at lines 946--946
[]\T1/lmtt/m/n/10.95 ##  1st Qu.:2.600   1st Qu.:2.200   1st Qu.:-4.000   1st Q
u.:1.000   1st Qu.:1.000   1st Qu.: 1.000[] 
 []


Overfull \hbox (135.50462pt too wide) in paragraph at lines 946--946
[]\T1/lmtt/m/n/10.95 ##  Median :3.200   Median :2.800   Median :-4.000   Media
n :2.000   Median :2.000   Median : 4.000[] 
 []


Overfull \hbox (135.50462pt too wide) in paragraph at lines 946--946
[]\T1/lmtt/m/n/10.95 ##  Mean   :3.168   Mean   :2.877   Mean   : 2.632   Mean 
  :1.883   Mean   :1.502   Mean   : 2.765[] 
 []


Overfull \hbox (135.50462pt too wide) in paragraph at lines 946--946
[]\T1/lmtt/m/n/10.95 ##  3rd Qu.:3.800   3rd Qu.:3.600   3rd Qu.:-4.000   3rd Q
u.:3.000   3rd Qu.:2.000   3rd Qu.: 4.000[] 
 []


Overfull \hbox (135.50462pt too wide) in paragraph at lines 946--946
[]\T1/lmtt/m/n/10.95 ##  Max.   :5.000   Max.   :5.000   Max.   :99.000   Max. 
  :3.000   Max.   :2.000   Max.   : 5.000[] 
 []


Overfull \hbox (43.52489pt too wide) in paragraph at lines 946--946
[]\T1/lmtt/m/n/10.95 ##      famst7        demtectcorr         kogstat         
 final         geschlecht[] 
 []


Overfull \hbox (49.27362pt too wide) in paragraph at lines 946--946
[]\T1/lmtt/m/n/10.95 ##  Min.   :-3.000   Min.   :-11.000   Min.   :-4.00   Min
.   :81.00   Min.   :1.000[] 
 []


Overfull \hbox (49.27362pt too wide) in paragraph at lines 946--946
[]\T1/lmtt/m/n/10.95 ##  1st Qu.:-3.000   1st Qu.: -1.000   1st Qu.:-4.00   1st
 Qu.:81.00   1st Qu.:1.000[] 
 []


Overfull \hbox (49.27362pt too wide) in paragraph at lines 946--946
[]\T1/lmtt/m/n/10.95 ##  Median : 0.000   Median :  0.000   Median :-4.00   Med
ian :81.00   Median :2.000[] 
 []


Overfull \hbox (49.27362pt too wide) in paragraph at lines 946--946
[]\T1/lmtt/m/n/10.95 ##  Mean   :-1.179   Mean   : -1.742   Mean   :-3.21   Mea
n   :81.09   Mean   :1.502[] 
 []


Overfull \hbox (49.27362pt too wide) in paragraph at lines 946--946
[]\T1/lmtt/m/n/10.95 ##  3rd Qu.: 0.000   3rd Qu.:  0.000   3rd Qu.:-4.00   3rd
 Qu.:81.00   3rd Qu.:2.000[] 
 []


Overfull \hbox (49.27362pt too wide) in paragraph at lines 946--946
[]\T1/lmtt/m/n/10.95 ##  Max.   : 1.000   Max.   :  2.000   Max.   : 7.00   Max
.   :82.00   Max.   :2.000[] 
 []


Overfull \hbox (66.51982pt too wide) in paragraph at lines 968--968
[]\T1/lmtt/m/n/10.95 ## Warning: attributes are not identical across measure va
riables; they will be dropped[] 
 []

[15] [16]
Underfull \vbox (badness 1147) has occurred while \output is active []

[17] [18]
<desc_NRW80_files/figure-latex/likertalterl1-1.pdf, id=160, 463.7325pt x 309.15
5pt>
File: desc_NRW80_files/figure-latex/likertalterl1-1.pdf Graphic file (type pdf)

<use desc_NRW80_files/figure-latex/likertalterl1-1.pdf>
Package pdftex.def Info: desc_NRW80_files/figure-latex/likertalterl1-1.pdf  use
d on input line 1220.
(pdftex.def)             Requested size: 433.63013pt x 289.08675pt.
<desc_NRW80_files/figure-latex/likertalterl2-1.pdf, id=161, 463.7325pt x 309.15
5pt>
File: desc_NRW80_files/figure-latex/likertalterl2-1.pdf Graphic file (type pdf)

<use desc_NRW80_files/figure-latex/likertalterl2-1.pdf>
Package pdftex.def Info: desc_NRW80_files/figure-latex/likertalterl2-1.pdf  use
d on input line 1234.
(pdftex.def)             Requested size: 433.63013pt x 289.08675pt.
[19 <./desc_NRW80_files/figure-latex/likertalterl1-1.pdf>]
<desc_NRW80_files/figure-latex/likertalterl3-1.pdf, id=179, 463.7325pt x 309.15
5pt>
File: desc_NRW80_files/figure-latex/likertalterl3-1.pdf Graphic file (type pdf)

<use desc_NRW80_files/figure-latex/likertalterl3-1.pdf>
Package pdftex.def Info: desc_NRW80_files/figure-latex/likertalterl3-1.pdf  use
d on input line 1249.
(pdftex.def)             Requested size: 433.63013pt x 289.08675pt.
<desc_NRW80_files/figure-latex/likertalterl4-1.pdf, id=180, 463.7325pt x 309.15
5pt>
File: desc_NRW80_files/figure-latex/likertalterl4-1.pdf Graphic file (type pdf)

<use desc_NRW80_files/figure-latex/likertalterl4-1.pdf>
Package pdftex.def Info: desc_NRW80_files/figure-latex/likertalterl4-1.pdf  use
d on input line 1264.
(pdftex.def)             Requested size: 433.63013pt x 289.08675pt.

Underfull \vbox (badness 1117) detected at line 1284
 []

[20 <./desc_NRW80_files/figure-latex/likertalterl2-1.pdf>] [21 <./desc_NRW80_fi
les/figure-latex/likertalterl3-1.pdf> <./desc_NRW80_files/figure-latex/likertal
terl4-1.pdf>] [22]
Overfull \hbox (445.93623pt too wide) in paragraph at lines 1364--1364
[]\T1/lmtt/m/n/10.95 1.  With \TS1/lmtt/m/n/10.95 `\T1/lmtt/m/n/10.95 knitr::pu
rl("desc_NRW80.Rmd")\TS1/lmtt/m/n/10.95 ` \T1/lmtt/m/n/10.95 you can extract th
e whole R code from the R Markdown file and write it into the R script \TS1/lmt
t/m/n/10.95 `\T1/lmtt/m/n/10.95 desc_NRW80.R\TS1/lmtt/m/n/10.95 `\T1/lmtt/m/n/1
0.95 . Try it.[] 
 []


Overfull \hbox (1929.10948pt too wide) in paragraph at lines 1364--1364
[]\T1/lmtt/m/n/10.95 2.  The dataset \TS1/lmtt/m/n/10.95 `\T1/lmtt/m/n/10.95 ge
sis.RData\TS1/lmtt/m/n/10.95 ` \T1/lmtt/m/n/10.95 comes with two different tibb
les: \TS1/lmtt/m/n/10.95 `\T1/lmtt/m/n/10.95 dfsav\TS1/lmtt/m/n/10.95 ` \T1/lmt
t/m/n/10.95 and \TS1/lmtt/m/n/10.95 `\T1/lmtt/m/n/10.95 dfdta\TS1/lmtt/m/n/10.9
5 `\T1/lmtt/m/n/10.95 . Is there a difference between these two when it comes t
o the statistics that are shown in this paper? To check that, rename the pdf fi
le \TS1/lmtt/m/n/10.95 `\T1/lmtt/m/n/10.95 desc_NRW80.pdf\TS1/lmtt/m/n/10.95 `\
T1/lmtt/m/n/10.95 , change the code in Section \\ref{sec-load} so that you are 
using the other data (\TS1/lmtt/m/n/10.95 `\T1/lmtt/m/n/10.95 df <- dfdta |> ..
.\TS1/lmtt/m/n/10.95 ` \T1/lmtt/m/n/10.95 vs. \TS1/lmtt/m/n/10.95 `\T1/lmtt/m/n
/10.95 df <- dfsav |> ...\TS1/lmtt/m/n/10.95 `\T1/lmtt/m/n/10.95 ), knit the Rm
d again, and compare the stats.[] 
 []


Overfull \hbox (164.24829pt too wide) in paragraph at lines 1364--1364
[]\T1/lmtt/m/n/10.95 3.  Check possible differences in the \TS1/lmtt/m/n/10.95 
`\T1/lmtt/m/n/10.95 gglikert\TS1/lmtt/m/n/10.95 ` \T1/lmtt/m/n/10.95 plots when
 using \TS1/lmtt/m/n/10.95 `\T1/lmtt/m/n/10.95 df_alterl_un\TS1/lmtt/m/n/10.95 
` \T1/lmtt/m/n/10.95 instead of \TS1/lmtt/m/n/10.95 `\T1/lmtt/m/n/10.95 df_alte
rl\TS1/lmtt/m/n/10.95 `\T1/lmtt/m/n/10.95 .[] 
 []


Overfull \hbox (687.38304pt too wide) in paragraph at lines 1364--1364
[]\T1/lmtt/m/n/10.95 4.  The stats above show that dealing with missing or non-
standard answers is a crucial thing. Please read chapter *Missing Values* of @W
ickham2023R, see: <https://r4ds.hadley.nz/missing-values>.[] 
 []


Overfull \hbox (1078.29692pt too wide) in paragraph at lines 1364--1364
[]\T1/lmtt/m/n/10.95 5. The labels of the variables \TS1/lmtt/m/n/10.95 `\T1/lm
tt/m/n/10.95 alterl1:alterl10\TS1/lmtt/m/n/10.95 ` \T1/lmtt/m/n/10.95 have "Alt
ernserleben: " at the beginning. This is not necessary and overloads the graphs
. Please change the labels for all graphs using the following code in the respe
ctive place in the rmd and then knit it again.[] 
 []

[23

] [24

] (./desc_NRW80.aux) ) 
Here is how much of TeX's memory you used:
 19080 strings out of 476091
 312898 string characters out of 5794081
 1874330 words of memory out of 5000000
 38882 multiletter control sequences out of 15000+600000
 608576 words of font info for 186 fonts, out of 8000000 for 9000
 1141 hyphenation exceptions out of 8191
 77i,11n,81p,3193b,959s stack positions out of 10000i,1000n,20000p,200000b,200000s
{/usr/share/texmf/fonts/enc/dvips/lm/lm-ts1.enc}{/usr/sha
re/texmf/fonts/enc/dvips/lm/lm-ec.enc}</usr/share/texmf/fonts/type1/public/lm/l
mbx10.pfb></usr/share/texmf/fonts/type1/public/lm/lmr10.pfb></usr/share/texmf/f
onts/type1/public/lm/lmr12.pfb></usr/share/texmf/fonts/type1/public/lm/lmr17.pf
b></usr/share/texmf/fonts/type1/public/lm/lmr8.pfb></usr/share/texmf/fonts/type
1/public/lm/lmr9.pfb></usr/share/texmf/fonts/type1/public/lm/lmri10.pfb></usr/s
hare/texmf/fonts/type1/public/lm/lmtk10.pfb></usr/share/texmf/fonts/type1/publi
c/lm/lmtt10.pfb></usr/share/texmf/fonts/type1/public/lm/lmtti10.pfb>
Output written on desc_NRW80.pdf (24 pages, 342214 bytes).
PDF statistics:
 372 PDF objects out of 1000 (max. 8388607)
 309 compressed objects within 4 object streams
 84 named destinations out of 1000 (max. 500000)
 49301 words of extra memory for PDF output out of 51595 (max. 10000000)

